
==============================================================================
blink.cmp:                                                                1 ⚠️

System ~
- ✅ OK curl is installed
- ✅ OK git is installed
- ✅ OK Your system is supported by pre-built binaries (aarch64-apple-darwin)
- ✅ OK blink_cmp_fuzzy lib is downloaded/built

Sources ~
- ⚠️ WARNING Some providers may show up as "disabled" but are enabled dynamically (i.e. cmdline)

Default sources ~
- lsp (blink.cmp.sources.lsp)
- path (blink.cmp.sources.path)
- snippets (blink.cmp.sources.snippets)
- buffer (blink.cmp.sources.buffer)

Cmdline sources ~
- buffer (blink.cmp.sources.buffer)
- cmdline (blink.cmp.sources.cmdline)

Disabled sources ~
- omni (blink.cmp.sources.complete_func)

==============================================================================
noice:                                                                      ✅

noice.nvim ~
- ✅ OK *Neovim* >= 0.9.0
- ✅ OK *vim.go.lazyredraw* is not enabled
- ✅ OK `snacks.nvim` is installed
- ✅ OK {TreeSitter} `vim` parser is installed
- ✅ OK {TreeSitter} `regex` parser is installed
- ✅ OK {TreeSitter} `lua` parser is installed
- ✅ OK {TreeSitter} `bash` parser is installed
- ✅ OK {TreeSitter} `markdown` parser is installed
- ✅ OK {TreeSitter} `markdown_inline` parser is installed

==============================================================================
nvim-treesitter:                                                          2 ⚠️

Installation ~
- ⚠️ WARNING `tree-sitter` executable not found (parser generator, only needed for :TSInstallFromGrammar, not required for :TSInstall)
- ⚠️ WARNING `node` executable not found (only needed for :TSInstallFromGrammar, not required for :TSInstall)
- ✅ OK `git` executable found.
- ✅ OK `clang` executable found. Selected from { "clang", "cc", "gcc", "clang", "cl", "zig" }
  Version: clang version 19.1.7
- ✅ OK Neovim was compiled with tree-sitter runtime ABI version 15 (required >=13). Parsers must be compatible with runtime ABI.

OS Info:
{
  machine = "arm64",
  release = "25.1.0",
  sysname = "Darwin",
  version = "Darwin Kernel Version 25.1.0: Fri Sep 19 19:14:26 PDT 2025; root:xnu-12377.40.77.505.1~4/RELEASE_ARM64_T6000"
} ~

Parser/Features         H L F I J
  - bash                ✓ ✓ ✓ . ✓
  - c                   ✓ ✓ ✓ ✓ ✓
  - lua                 ✓ ✓ ✓ ✓ ✓
  - markdown            ✓ . ✓ ✓ ✓
  - markdown_inline     ✓ . . . ✓
  - query               ✓ ✓ ✓ ✓ ✓
  - regex               ✓ . . . .
  - vim                 ✓ ✓ ✓ . ✓
  - vimdoc              ✓ . . . ✓

  Legend: H[ighlight], L[ocals], F[olds], I[ndents], In[j]ections
         +) multiple parsers found, only one will be used
         x) errors found in the query, try to run :TSUpdate {lang} ~

==============================================================================
snacks:                                                            14 ⚠️  6 ❌

Snacks ~
- ✅ OK setup called

Snacks.bigfile ~
- ⚠️ WARNING setup {disabled}

Snacks.dashboard ~
- ⚠️ WARNING setup {disabled}

Snacks.explorer ~
- ⚠️ WARNING setup {disabled}

Snacks.image ~
- ⚠️ WARNING setup {disabled}
- ❌ ERROR None of the tools found: 'kitty', 'wezterm', 'ghostty'
- ❌ ERROR None of the tools found: 'magick', 'convert'
- ❌ ERROR `magick` is required to convert images. Only PNG files will be displayed.
- ✅ OK `ghostty` detected and supported
- ✅ OK `ghostty` supports unicode placeholders
- ✅ OK Inline images are available
- ✅ OK Terminal Dimensions:
  - {size}: `720` x `432` pixels
  - {scale}: `1.13`
  - {cell}: `9` x `18` pixels
- ✅ OK Available Treesitter languages:
    `markdown_inline`, `markdown`
- ⚠️ WARNING Missing Treesitter languages:
    `css`, `html`, `javascript`, `latex`, `norg`, `scss`, `svelte`, `tsx`, `typst`, `vue`
- ⚠️ WARNING Image rendering in docs with missing treesitter parsers won't work
- ✅ OK 'gs' `10.05.1`
- ✅ OK PDF files are supported
- ❌ ERROR None of the tools found: 'tectonic', 'pdflatex'
- ⚠️ WARNING `tectonic` or `pdflatex` is required to render LaTeX math expressions
- ✅ OK 'mmdc' `11.4.3`
- ✅ OK Mermaid diagrams are supported
- ✅ OK your terminal supports the kitty graphics protocol

Snacks.input ~
- ⚠️ WARNING setup {disabled}

Snacks.lazygit ~
- ✅ OK {lazygit} installed

Snacks.notifier ~
- ⚠️ WARNING setup {disabled}
- ❌ ERROR is not ready

Snacks.picker ~
- ✅ OK setup {enabled}
- ❌ ERROR `vim.ui.select` is not set to `Snacks.picker.select`
- ✅ OK Available Treesitter languages:
    `regex`
- ✅ OK 'git' `git version 2.51.0`
- ✅ OK 'rg' `ripgrep 14.1.1`
- ✅ OK `Snacks.picker.grep()` is available
- ✅ OK 'fd' `fd 10.3.0`
- ✅ OK `Snacks.picker.files()` is available
- ✅ OK `Snacks.picker.explorer()` is available
- ✅ OK `SQLite3` is available

Snacks.quickfile ~
- ⚠️ WARNING setup {disabled}

Snacks.scope ~
- ⚠️ WARNING setup {disabled}

Snacks.scroll ~
- ⚠️ WARNING setup {disabled}

Snacks.statuscolumn ~
- ⚠️ WARNING setup {disabled}

Snacks.terminal ~
- ✅ OK shell configured
  - `vim.o.shell`: /bin/zsh
  - `parsed`: { "/bin/zsh" }

Snacks.toggle ~
- ✅ OK {which-key} is installed

Snacks.words ~
- ⚠️ WARNING setup {disabled}

==============================================================================
vim.deprecated:                                                             ✅

- ✅ OK No deprecated functions detected

==============================================================================
vim.health:                                                               1 ⚠️

Configuration ~
- ⚠️ WARNING Missing user config file: /Users/dazmin/.config/nvf/init.lua
  - ADVICE:
    - :help |config|

Runtime ~
- ✅ OK $VIMRUNTIME: /nix/store/zgyxsvzpnh4lrmr71q224wvbm58nhh2r-neovim-unwrapped-0.11.4/share/nvim/runtime

Performance ~
- ✅ OK Build type: Release

Remote Plugins ~
- ✅ OK Up to date

terminal ~
- key_backspace (kbs) terminfo entry: `key_backspace=\177`
- key_dc (kdch1) terminfo entry: `key_dc=\E[3~`
- $TERM_PROGRAM="ghostty"
- $COLORTERM="truecolor"

External Tools ~
- ✅ OK ripgrep 14.1.1 (/etc/profiles/per-user/dazmin/bin/rg)

==============================================================================
vim.lsp:                                                                    ✅

- LSP log level : WARN
- Log path: /Users/dazmin/.local/state/nvf/lsp.log
- Log size: 0 KB

vim.lsp: Active Clients ~
- No active clients

vim.lsp: Enabled Configurations ~

vim.lsp: File Watcher ~
- file watching "(workspace/didChangeWatchedFiles)" disabled on all clients

vim.lsp: Position Encodings ~
- No active clients

==============================================================================
vim.provider:                                                               ✅

Clipboard (optional) ~
- ✅ OK Clipboard tool found: pbcopy

Node.js provider (optional) ~
- Disabled (loaded_node_provider=0).

Perl provider (optional) ~
- Disabled (loaded_perl_provider=0).

Python 3 provider (optional) ~
- Disabled (loaded_python3_provider=0).

Ruby provider (optional) ~
- Ruby: ruby 2.6.10p210 (2022-04-12 revision 67958) [universal.arm64e-darwin25]
- Host: /nix/store/czcv4f2315djvbjgdn9aghf5aslk683j-neovim-providers/bin/neovim-ruby-host
- ✅ OK Latest "neovim" gem is installed: Source locally installed gems is ignoring #<Bundler::StubSpecification name=rbs version=3.4.0 platform=ruby> because it is missing extensions
  Source locally installed gems is ignoring #<Bundler::StubSpecification name=racc version=1.7.3 platform=ruby> because it is missing extensions
  Source locally installed gems is ignoring #<Bundler::StubSpecification name=debug version=1.9.2 platform=ruby> because it is missing extensions
  0.10.0


==============================================================================
vim.treesitter:                                                             ✅

Treesitter features ~
- Treesitter ABI support: min 13, max 15
- WASM parser support: false

Treesitter parsers ~
- ✅ OK Parser: bash                      ABI: 15, path: /nix/store/bi8l694r5lks8h155prpczgadq5j9rjp-mnw-configDir/parser/bash.so
- ✅ OK Parser: c                         ABI: 15, path: /nix/store/bi8l694r5lks8h155prpczgadq5j9rjp-mnw-configDir/parser/c.so
- ✅ OK Parser: c                    (not loaded), path: /nix/store/zgyxsvzpnh4lrmr71q224wvbm58nhh2r-neovim-unwrapped-0.11.4/lib/nvim/parser/c.so
- ✅ OK Parser: lua                       ABI: 15, path: /nix/store/bi8l694r5lks8h155prpczgadq5j9rjp-mnw-configDir/parser/lua.so
- ✅ OK Parser: lua                  (not loaded), path: /nix/store/zgyxsvzpnh4lrmr71q224wvbm58nhh2r-neovim-unwrapped-0.11.4/lib/nvim/parser/lua.so
- ✅ OK Parser: markdown                  ABI: 15, path: /nix/store/bi8l694r5lks8h155prpczgadq5j9rjp-mnw-configDir/parser/markdown.so
- ✅ OK Parser: markdown             (not loaded), path: /nix/store/zgyxsvzpnh4lrmr71q224wvbm58nhh2r-neovim-unwrapped-0.11.4/lib/nvim/parser/markdown.so
- ✅ OK Parser: markdown_inline           ABI: 15, path: /nix/store/zgyxsvzpnh4lrmr71q224wvbm58nhh2r-neovim-unwrapped-0.11.4/lib/nvim/parser/markdown_inline.so
- ✅ OK Parser: query                     ABI: 15, path: /nix/store/bi8l694r5lks8h155prpczgadq5j9rjp-mnw-configDir/parser/query.so
- ✅ OK Parser: query                (not loaded), path: /nix/store/zgyxsvzpnh4lrmr71q224wvbm58nhh2r-neovim-unwrapped-0.11.4/lib/nvim/parser/query.so
- ✅ OK Parser: regex                     ABI: 15, path: /nix/store/bi8l694r5lks8h155prpczgadq5j9rjp-mnw-configDir/parser/regex.so
- ✅ OK Parser: vim                       ABI: 15, path: /nix/store/bi8l694r5lks8h155prpczgadq5j9rjp-mnw-configDir/parser/vim.so
- ✅ OK Parser: vim                  (not loaded), path: /nix/store/zgyxsvzpnh4lrmr71q224wvbm58nhh2r-neovim-unwrapped-0.11.4/lib/nvim/parser/vim.so
- ✅ OK Parser: vimdoc                    ABI: 15, path: /nix/store/bi8l694r5lks8h155prpczgadq5j9rjp-mnw-configDir/parser/vimdoc.so
- ✅ OK Parser: vimdoc               (not loaded), path: /nix/store/zgyxsvzpnh4lrmr71q224wvbm58nhh2r-neovim-unwrapped-0.11.4/lib/nvim/parser/vimdoc.so

==============================================================================
which-key:                                                                1 ⚠️

- ✅ OK Most of these checks are for informational purposes only.
  WARNINGS should be treated as a warning, and don't necessarily indicate a problem with your config.
  Please |DON'T| report these warnings as an issue.

Checking your config ~
- ⚠️ WARNING |mini.icons| is not installed
- ✅ OK |nvim-web-devicons| is installed

Checking for issues with your mappings ~
- ✅ OK No issues reported

checking for overlapping keymaps ~
- ✅ OK No overlapping keymaps found

Checking for duplicate mappings ~
- ✅ OK No duplicate mappings found

